2014/09/21 09:38:45 [error] [exception.CException] exception 'CException' with message 'Property "CDbConnection.db" is not defined.' in D:\open\OpenServer\domains\yii-framework\framework\base\CComponent.php:173
Stack trace:
#0 D:\open\OpenServer\domains\yii-framework\framework\YiiBase.php(220): CComponent->__set('db', Array)
#1 D:\open\OpenServer\domains\yii-framework\framework\base\CModule.php(386): YiiBase::createComponent(Array)
#2 D:\open\OpenServer\domains\yii-framework\framework\base\CModule.php(103): CModule->getComponent('db')
#3 D:\open\OpenServer\domains\yii-framework\framework\gii\generators\model\ModelCode.php(60): CModule->__get('db')
#4 D:\open\OpenServer\domains\yii-framework\framework\web\CFormModel.php(39): ModelCode->init()
#5 D:\open\OpenServer\domains\yii-framework\framework\gii\CCodeGenerator.php(153): CFormModel->__construct()
#6 D:\open\OpenServer\domains\yii-framework\framework\gii\CCodeGenerator.php(63): CCodeGenerator->prepare()
#7 D:\open\OpenServer\domains\yii-framework\framework\web\actions\CInlineAction.php(49): CCodeGenerator->actionIndex()
#8 D:\open\OpenServer\domains\yii-framework\framework\web\CController.php(308): CInlineAction->runWithParams(Array)
#9 D:\open\OpenServer\domains\yii-framework\framework\web\CController.php(286): CController->runAction(Object(CInlineAction))
#10 D:\open\OpenServer\domains\yii-framework\framework\web\CController.php(265): CController->runActionWithFilters(Object(CInlineAction), Array)
#11 D:\open\OpenServer\domains\yii-framework\framework\web\CWebApplication.php(282): CController->run('index')
#12 D:\open\OpenServer\domains\yii-framework\framework\web\CWebApplication.php(141): CWebApplication->runController('gii/model/index')
#13 D:\open\OpenServer\domains\yii-framework\framework\base\CApplication.php(180): CWebApplication->processRequest()
#14 D:\open\OpenServer\domains\training-project\index.php(13): CApplication->run()
#15 {main}
REQUEST_URI=/index.php?r=gii/model/index
HTTP_REFERER=http://training-project/index.php?r=gii/default/index
---
2014/09/21 09:41:18 [error] [exception.CDbException] exception 'CDbException' with message 'CDbConnection failed to open the DB connection: SQLSTATE[42000] [1049] Unknown database 'training-project'' in D:\open\OpenServer\domains\yii-framework\framework\db\CDbConnection.php:382
Stack trace:
#0 D:\open\OpenServer\domains\yii-framework\framework\db\CDbConnection.php(330): CDbConnection->open()
#1 D:\open\OpenServer\domains\yii-framework\framework\db\CDbConnection.php(308): CDbConnection->setActive(true)
#2 D:\open\OpenServer\domains\yii-framework\framework\base\CModule.php(387): CDbConnection->init()
#3 D:\open\OpenServer\domains\yii-framework\framework\base\CModule.php(103): CModule->getComponent('db')
#4 D:\open\OpenServer\domains\yii-framework\framework\gii\generators\model\ModelCode.php(60): CModule->__get('db')
#5 D:\open\OpenServer\domains\yii-framework\framework\web\CFormModel.php(39): ModelCode->init()
#6 D:\open\OpenServer\domains\yii-framework\framework\gii\CCodeGenerator.php(153): CFormModel->__construct()
#7 D:\open\OpenServer\domains\yii-framework\framework\gii\CCodeGenerator.php(63): CCodeGenerator->prepare()
#8 D:\open\OpenServer\domains\yii-framework\framework\web\actions\CInlineAction.php(49): CCodeGenerator->actionIndex()
#9 D:\open\OpenServer\domains\yii-framework\framework\web\CController.php(308): CInlineAction->runWithParams(Array)
#10 D:\open\OpenServer\domains\yii-framework\framework\web\CController.php(286): CController->runAction(Object(CInlineAction))
#11 D:\open\OpenServer\domains\yii-framework\framework\web\CController.php(265): CController->runActionWithFilters(Object(CInlineAction), Array)
#12 D:\open\OpenServer\domains\yii-framework\framework\web\CWebApplication.php(282): CController->run('index')
#13 D:\open\OpenServer\domains\yii-framework\framework\web\CWebApplication.php(141): CWebApplication->runController('gii/model/index')
#14 D:\open\OpenServer\domains\yii-framework\framework\base\CApplication.php(180): CWebApplication->processRequest()
#15 D:\open\OpenServer\domains\training-project\index.php(13): CApplication->run()
#16 {main}
REQUEST_URI=/index.php?r=gii/model/index
HTTP_REFERER=http://training-project/index.php?r=gii/default/index
---
2014/09/21 10:16:11 [error] [exception.CHttpException.404] exception 'CHttpException' with message 'Unable to resolve the request "exercise/index".' in D:\open\OpenServer\domains\yii-framework\framework\web\CWebApplication.php:286
Stack trace:
#0 D:\open\OpenServer\domains\yii-framework\framework\web\CWebApplication.php(141): CWebApplication->runController('exercise/index')
#1 D:\open\OpenServer\domains\yii-framework\framework\base\CApplication.php(180): CWebApplication->processRequest()
#2 D:\open\OpenServer\domains\training-project\index.php(13): CApplication->run()
#3 {main}
REQUEST_URI=/index.php?r=exercise/index
---
2014/09/21 16:40:29 [error] [exception.CException] exception 'CException' with message 'Property "Muscles.name" is not defined.' in D:\open\OpenServer\domains\yii-framework\framework\base\CComponent.php:130
Stack trace:
#0 D:\open\OpenServer\domains\yii-framework\framework\db\ar\CActiveRecord.php(145): CComponent->__get('name')
#1 D:\open\OpenServer\domains\yii-framework\framework\base\CModel.php(596): CActiveRecord->__get('name')
#2 D:\open\OpenServer\domains\training-project\protected\views\muscles\index.php(26): CModel->offsetGet('name')
#3 D:\open\OpenServer\domains\yii-framework\framework\web\CBaseController.php(126): require('D:\open\OpenSer...')
#4 D:\open\OpenServer\domains\yii-framework\framework\web\CBaseController.php(95): CBaseController->renderInternal('D:\open\OpenSer...', Array, true)
#5 D:\open\OpenServer\domains\yii-framework\framework\web\CController.php(869): CBaseController->renderFile('D:\open\OpenSer...', Array, true)
#6 D:\open\OpenServer\domains\yii-framework\framework\web\CController.php(782): CController->renderPartial('index', Array, true)
#7 D:\open\OpenServer\domains\training-project\protected\controllers\MusclesController.php(138): CController->render('index', Array)
#8 D:\open\OpenServer\domains\yii-framework\framework\web\actions\CInlineAction.php(49): MusclesController->actionIndex()
#9 D:\open\OpenServer\domains\yii-framework\framework\web\CController.php(308): CInlineAction->runWithParams(Array)
#10 D:\open\OpenServer\domains\yii-framework\framework\web\filters\CFilterChain.php(133): CController->runAction(Object(CInlineAction))
#11 D:\open\OpenServer\domains\yii-framework\framework\web\filters\CFilter.php(40): CFilterChain->run()
#12 D:\open\OpenServer\domains\yii-framework\framework\web\CController.php(1145): CFilter->filter(Object(CFilterChain))
#13 D:\open\OpenServer\domains\yii-framework\framework\web\filters\CInlineFilter.php(58): CController->filterAccessControl(Object(CFilterChain))
#14 D:\open\OpenServer\domains\yii-framework\framework\web\filters\CFilterChain.php(130): CInlineFilter->filter(Object(CFilterChain))
#15 D:\open\OpenServer\domains\yii-framework\framework\web\CController.php(291): CFilterChain->run()
#16 D:\open\OpenServer\domains\yii-framework\framework\web\CController.php(265): CController->runActionWithFilters(Object(CInlineAction), Array)
#17 D:\open\OpenServer\domains\yii-framework\framework\web\CWebApplication.php(282): CController->run('index')
#18 D:\open\OpenServer\domains\yii-framework\framework\web\CWebApplication.php(141): CWebApplication->runController('muscles/index')
#19 D:\open\OpenServer\domains\yii-framework\framework\base\CApplication.php(180): CWebApplication->processRequest()
#20 D:\open\OpenServer\domains\training-project\index.php(13): CApplication->run()
#21 {main}
REQUEST_URI=/index.php?r=muscles/index
HTTP_REFERER=http://training-project/index.php?r=exercises/index
---
2014/09/21 16:40:54 [error] [exception.CException] exception 'CException' with message 'Property "Muscles.name" is not defined.' in D:\open\OpenServer\domains\yii-framework\framework\base\CComponent.php:130
Stack trace:
#0 D:\open\OpenServer\domains\yii-framework\framework\db\ar\CActiveRecord.php(145): CComponent->__get('name')
#1 D:\open\OpenServer\domains\training-project\protected\views\muscles\index.php(26): CActiveRecord->__get('name')
#2 D:\open\OpenServer\domains\yii-framework\framework\web\CBaseController.php(126): require('D:\open\OpenSer...')
#3 D:\open\OpenServer\domains\yii-framework\framework\web\CBaseController.php(95): CBaseController->renderInternal('D:\open\OpenSer...', Array, true)
#4 D:\open\OpenServer\domains\yii-framework\framework\web\CController.php(869): CBaseController->renderFile('D:\open\OpenSer...', Array, true)
#5 D:\open\OpenServer\domains\yii-framework\framework\web\CController.php(782): CController->renderPartial('index', Array, true)
#6 D:\open\OpenServer\domains\training-project\protected\controllers\MusclesController.php(138): CController->render('index', Array)
#7 D:\open\OpenServer\domains\yii-framework\framework\web\actions\CInlineAction.php(49): MusclesController->actionIndex()
#8 D:\open\OpenServer\domains\yii-framework\framework\web\CController.php(308): CInlineAction->runWithParams(Array)
#9 D:\open\OpenServer\domains\yii-framework\framework\web\filters\CFilterChain.php(133): CController->runAction(Object(CInlineAction))
#10 D:\open\OpenServer\domains\yii-framework\framework\web\filters\CFilter.php(40): CFilterChain->run()
#11 D:\open\OpenServer\domains\yii-framework\framework\web\CController.php(1145): CFilter->filter(Object(CFilterChain))
#12 D:\open\OpenServer\domains\yii-framework\framework\web\filters\CInlineFilter.php(58): CController->filterAccessControl(Object(CFilterChain))
#13 D:\open\OpenServer\domains\yii-framework\framework\web\filters\CFilterChain.php(130): CInlineFilter->filter(Object(CFilterChain))
#14 D:\open\OpenServer\domains\yii-framework\framework\web\CController.php(291): CFilterChain->run()
#15 D:\open\OpenServer\domains\yii-framework\framework\web\CController.php(265): CController->runActionWithFilters(Object(CInlineAction), Array)
#16 D:\open\OpenServer\domains\yii-framework\framework\web\CWebApplication.php(282): CController->run('index')
#17 D:\open\OpenServer\domains\yii-framework\framework\web\CWebApplication.php(141): CWebApplication->runController('muscles/index')
#18 D:\open\OpenServer\domains\yii-framework\framework\base\CApplication.php(180): CWebApplication->processRequest()
#19 D:\open\OpenServer\domains\training-project\index.php(13): CApplication->run()
#20 {main}
REQUEST_URI=/index.php?r=muscles/index
HTTP_REFERER=http://training-project/index.php?r=exercises/index
---
2014/09/21 16:59:31 [error] [php] file_get_contents(/js/muscles/muscles_settings.json) [<a href='function.file-get-contents'>function.file-get-contents</a>]: failed to open stream: No such file or directory (D:\open\OpenServer\domains\training-project\protected\controllers\MusclesController.php:139)
Stack trace:
#0 D:\open\OpenServer\domains\yii-framework\framework\web\CController.php(308): CInlineAction->runWithParams()
#1 D:\open\OpenServer\domains\yii-framework\framework\web\filters\CFilterChain.php(133): MusclesController->runAction()
#2 D:\open\OpenServer\domains\yii-framework\framework\web\filters\CFilter.php(40): CFilterChain->run()
#3 D:\open\OpenServer\domains\yii-framework\framework\web\CController.php(1145): CAccessControlFilter->filter()
#4 D:\open\OpenServer\domains\yii-framework\framework\web\filters\CInlineFilter.php(58): MusclesController->filterAccessControl()
#5 D:\open\OpenServer\domains\yii-framework\framework\web\filters\CFilterChain.php(130): CInlineFilter->filter()
#6 D:\open\OpenServer\domains\yii-framework\framework\web\CController.php(291): CFilterChain->run()
#7 D:\open\OpenServer\domains\yii-framework\framework\web\CController.php(265): MusclesController->runActionWithFilters()
#8 D:\open\OpenServer\domains\yii-framework\framework\web\CWebApplication.php(282): MusclesController->run()
#9 D:\open\OpenServer\domains\yii-framework\framework\web\CWebApplication.php(141): CWebApplication->runController()
#10 D:\open\OpenServer\domains\yii-framework\framework\base\CApplication.php(180): CWebApplication->processRequest()
#11 D:\open\OpenServer\domains\training-project\index.php(13): CWebApplication->run()
REQUEST_URI=/index.php?r=muscles/index
in D:\open\OpenServer\domains\training-project\protected\controllers\MusclesController.php (139)
in D:\open\OpenServer\domains\training-project\index.php (13)
2014/09/21 17:00:11 [error] [php] file_get_contents(/js/muscles/muscles_settings.json) [<a href='function.file-get-contents'>function.file-get-contents</a>]: failed to open stream: No such file or directory (D:\open\OpenServer\domains\training-project\protected\controllers\MusclesController.php:138)
Stack trace:
#0 D:\open\OpenServer\domains\yii-framework\framework\web\CController.php(308): CInlineAction->runWithParams()
#1 D:\open\OpenServer\domains\yii-framework\framework\web\filters\CFilterChain.php(133): MusclesController->runAction()
#2 D:\open\OpenServer\domains\yii-framework\framework\web\filters\CFilter.php(40): CFilterChain->run()
#3 D:\open\OpenServer\domains\yii-framework\framework\web\CController.php(1145): CAccessControlFilter->filter()
#4 D:\open\OpenServer\domains\yii-framework\framework\web\filters\CInlineFilter.php(58): MusclesController->filterAccessControl()
#5 D:\open\OpenServer\domains\yii-framework\framework\web\filters\CFilterChain.php(130): CInlineFilter->filter()
#6 D:\open\OpenServer\domains\yii-framework\framework\web\CController.php(291): CFilterChain->run()
#7 D:\open\OpenServer\domains\yii-framework\framework\web\CController.php(265): MusclesController->runActionWithFilters()
#8 D:\open\OpenServer\domains\yii-framework\framework\web\CWebApplication.php(282): MusclesController->run()
#9 D:\open\OpenServer\domains\yii-framework\framework\web\CWebApplication.php(141): CWebApplication->runController()
#10 D:\open\OpenServer\domains\yii-framework\framework\base\CApplication.php(180): CWebApplication->processRequest()
#11 D:\open\OpenServer\domains\training-project\index.php(13): CWebApplication->run()
REQUEST_URI=/index.php?r=muscles/index
in D:\open\OpenServer\domains\training-project\protected\controllers\MusclesController.php (138)
in D:\open\OpenServer\domains\training-project\index.php (13)
2014/09/21 17:00:42 [error] [exception.CException] exception 'CException' with message 'Property "CWebApplication.baseDir" is not defined.' in D:\open\OpenServer\domains\yii-framework\framework\base\CComponent.php:130
Stack trace:
#0 D:\open\OpenServer\domains\yii-framework\framework\base\CModule.php(105): CComponent->__get('baseDir')
#1 D:\open\OpenServer\domains\training-project\protected\controllers\MusclesController.php(126): CModule->__get('baseDir')
#2 D:\open\OpenServer\domains\yii-framework\framework\web\actions\CInlineAction.php(49): MusclesController->actionIndex()
#3 D:\open\OpenServer\domains\yii-framework\framework\web\CController.php(308): CInlineAction->runWithParams(Array)
#4 D:\open\OpenServer\domains\yii-framework\framework\web\filters\CFilterChain.php(133): CController->runAction(Object(CInlineAction))
#5 D:\open\OpenServer\domains\yii-framework\framework\web\filters\CFilter.php(40): CFilterChain->run()
#6 D:\open\OpenServer\domains\yii-framework\framework\web\CController.php(1145): CFilter->filter(Object(CFilterChain))
#7 D:\open\OpenServer\domains\yii-framework\framework\web\filters\CInlineFilter.php(58): CController->filterAccessControl(Object(CFilterChain))
#8 D:\open\OpenServer\domains\yii-framework\framework\web\filters\CFilterChain.php(130): CInlineFilter->filter(Object(CFilterChain))
#9 D:\open\OpenServer\domains\yii-framework\framework\web\CController.php(291): CFilterChain->run()
#10 D:\open\OpenServer\domains\yii-framework\framework\web\CController.php(265): CController->runActionWithFilters(Object(CInlineAction), Array)
#11 D:\open\OpenServer\domains\yii-framework\framework\web\CWebApplication.php(282): CController->run('index')
#12 D:\open\OpenServer\domains\yii-framework\framework\web\CWebApplication.php(141): CWebApplication->runController('muscles/index')
#13 D:\open\OpenServer\domains\yii-framework\framework\base\CApplication.php(180): CWebApplication->processRequest()
#14 D:\open\OpenServer\domains\training-project\index.php(13): CApplication->run()
#15 {main}
REQUEST_URI=/index.php?r=muscles/index
HTTP_REFERER=http://training-project/index.php?r=exercises/index
---
2014/09/21 17:00:49 [error] [php] file_get_contents(/js/muscles/muscles_settings.json) [<a href='function.file-get-contents'>function.file-get-contents</a>]: failed to open stream: No such file or directory (D:\open\OpenServer\domains\training-project\protected\controllers\MusclesController.php:138)
Stack trace:
#0 D:\open\OpenServer\domains\yii-framework\framework\web\CController.php(308): CInlineAction->runWithParams()
#1 D:\open\OpenServer\domains\yii-framework\framework\web\filters\CFilterChain.php(133): MusclesController->runAction()
#2 D:\open\OpenServer\domains\yii-framework\framework\web\filters\CFilter.php(40): CFilterChain->run()
#3 D:\open\OpenServer\domains\yii-framework\framework\web\CController.php(1145): CAccessControlFilter->filter()
#4 D:\open\OpenServer\domains\yii-framework\framework\web\filters\CInlineFilter.php(58): MusclesController->filterAccessControl()
#5 D:\open\OpenServer\domains\yii-framework\framework\web\filters\CFilterChain.php(130): CInlineFilter->filter()
#6 D:\open\OpenServer\domains\yii-framework\framework\web\CController.php(291): CFilterChain->run()
#7 D:\open\OpenServer\domains\yii-framework\framework\web\CController.php(265): MusclesController->runActionWithFilters()
#8 D:\open\OpenServer\domains\yii-framework\framework\web\CWebApplication.php(282): MusclesController->run()
#9 D:\open\OpenServer\domains\yii-framework\framework\web\CWebApplication.php(141): CWebApplication->runController()
#10 D:\open\OpenServer\domains\yii-framework\framework\base\CApplication.php(180): CWebApplication->processRequest()
#11 D:\open\OpenServer\domains\training-project\index.php(13): CWebApplication->run()
REQUEST_URI=/index.php?r=muscles/index
in D:\open\OpenServer\domains\training-project\protected\controllers\MusclesController.php (138)
in D:\open\OpenServer\domains\training-project\index.php (13)
2014/09/21 17:01:25 [error] [exception.CException] exception 'CException' with message 'Property "MusclesController.muscleData" is not defined.' in D:\open\OpenServer\domains\yii-framework\framework\base\CComponent.php:130
Stack trace:
#0 D:\open\OpenServer\domains\training-project\protected\views\muscles\index.php(22): CComponent->__get('muscleData')
#1 D:\open\OpenServer\domains\yii-framework\framework\web\CBaseController.php(126): require('D:\open\OpenSer...')
#2 D:\open\OpenServer\domains\yii-framework\framework\web\CBaseController.php(95): CBaseController->renderInternal('D:\open\OpenSer...', Array, true)
#3 D:\open\OpenServer\domains\yii-framework\framework\web\CController.php(869): CBaseController->renderFile('D:\open\OpenSer...', Array, true)
#4 D:\open\OpenServer\domains\yii-framework\framework\web\CController.php(782): CController->renderPartial('index', Array, true)
#5 D:\open\OpenServer\domains\training-project\protected\controllers\MusclesController.php(144): CController->render('index', Array)
#6 D:\open\OpenServer\domains\yii-framework\framework\web\actions\CInlineAction.php(49): MusclesController->actionIndex()
#7 D:\open\OpenServer\domains\yii-framework\framework\web\CController.php(308): CInlineAction->runWithParams(Array)
#8 D:\open\OpenServer\domains\yii-framework\framework\web\filters\CFilterChain.php(133): CController->runAction(Object(CInlineAction))
#9 D:\open\OpenServer\domains\yii-framework\framework\web\filters\CFilter.php(40): CFilterChain->run()
#10 D:\open\OpenServer\domains\yii-framework\framework\web\CController.php(1145): CFilter->filter(Object(CFilterChain))
#11 D:\open\OpenServer\domains\yii-framework\framework\web\filters\CInlineFilter.php(58): CController->filterAccessControl(Object(CFilterChain))
#12 D:\open\OpenServer\domains\yii-framework\framework\web\filters\CFilterChain.php(130): CInlineFilter->filter(Object(CFilterChain))
#13 D:\open\OpenServer\domains\yii-framework\framework\web\CController.php(291): CFilterChain->run()
#14 D:\open\OpenServer\domains\yii-framework\framework\web\CController.php(265): CController->runActionWithFilters(Object(CInlineAction), Array)
#15 D:\open\OpenServer\domains\yii-framework\framework\web\CWebApplication.php(282): CController->run('index')
#16 D:\open\OpenServer\domains\yii-framework\framework\web\CWebApplication.php(141): CWebApplication->runController('muscles/index')
#17 D:\open\OpenServer\domains\yii-framework\framework\base\CApplication.php(180): CWebApplication->processRequest()
#18 D:\open\OpenServer\domains\training-project\index.php(13): CApplication->run()
#19 {main}
REQUEST_URI=/index.php?r=muscles/index
HTTP_REFERER=http://training-project/index.php?r=exercises/index
---
2014/09/21 17:01:37 [error] [exception.CException] exception 'CException' with message 'Property "CActiveDataProvider.muscleData" is not defined.' in D:\open\OpenServer\domains\yii-framework\framework\base\CComponent.php:130
Stack trace:
#0 D:\open\OpenServer\domains\training-project\protected\views\muscles\index.php(22): CComponent->__get('muscleData')
#1 D:\open\OpenServer\domains\yii-framework\framework\web\CBaseController.php(126): require('D:\open\OpenSer...')
#2 D:\open\OpenServer\domains\yii-framework\framework\web\CBaseController.php(95): CBaseController->renderInternal('D:\open\OpenSer...', Array, true)
#3 D:\open\OpenServer\domains\yii-framework\framework\web\CController.php(869): CBaseController->renderFile('D:\open\OpenSer...', Array, true)
#4 D:\open\OpenServer\domains\yii-framework\framework\web\CController.php(782): CController->renderPartial('index', Array, true)
#5 D:\open\OpenServer\domains\training-project\protected\controllers\MusclesController.php(144): CController->render('index', Array)
#6 D:\open\OpenServer\domains\yii-framework\framework\web\actions\CInlineAction.php(49): MusclesController->actionIndex()
#7 D:\open\OpenServer\domains\yii-framework\framework\web\CController.php(308): CInlineAction->runWithParams(Array)
#8 D:\open\OpenServer\domains\yii-framework\framework\web\filters\CFilterChain.php(133): CController->runAction(Object(CInlineAction))
#9 D:\open\OpenServer\domains\yii-framework\framework\web\filters\CFilter.php(40): CFilterChain->run()
#10 D:\open\OpenServer\domains\yii-framework\framework\web\CController.php(1145): CFilter->filter(Object(CFilterChain))
#11 D:\open\OpenServer\domains\yii-framework\framework\web\filters\CInlineFilter.php(58): CController->filterAccessControl(Object(CFilterChain))
#12 D:\open\OpenServer\domains\yii-framework\framework\web\filters\CFilterChain.php(130): CInlineFilter->filter(Object(CFilterChain))
#13 D:\open\OpenServer\domains\yii-framework\framework\web\CController.php(291): CFilterChain->run()
#14 D:\open\OpenServer\domains\yii-framework\framework\web\CController.php(265): CController->runActionWithFilters(Object(CInlineAction), Array)
#15 D:\open\OpenServer\domains\yii-framework\framework\web\CWebApplication.php(282): CController->run('index')
#16 D:\open\OpenServer\domains\yii-framework\framework\web\CWebApplication.php(141): CWebApplication->runController('muscles/index')
#17 D:\open\OpenServer\domains\yii-framework\framework\base\CApplication.php(180): CWebApplication->processRequest()
#18 D:\open\OpenServer\domains\training-project\index.php(13): CApplication->run()
#19 {main}
REQUEST_URI=/index.php?r=muscles/index
HTTP_REFERER=http://training-project/index.php?r=exercises/index
---
